  main.cpp
C:\Users\Matthew\Documents\VisualStudioProjects\CPS511_Assignment3\CPS511_Assignment3\main.cpp(181,15): warning C4244: 'argument': conversion from 'GLdouble' to 'GLfloat', possible loss of data
C:\Users\Matthew\Documents\VisualStudioProjects\CPS511_Assignment3\CPS511_Assignment3\main.cpp(183,15): warning C4244: 'argument': conversion from 'GLdouble' to 'GLfloat', possible loss of data
C:\Users\Matthew\Documents\VisualStudioProjects\CPS511_Assignment3\CPS511_Assignment3\main.cpp(187,23): warning C4018: '<': signed/unsigned mismatch
C:\Users\Matthew\Documents\VisualStudioProjects\CPS511_Assignment3\CPS511_Assignment3\main.cpp(194,37): warning C4244: 'argument': conversion from 'int' to 'GLfloat', possible loss of data
C:\Users\Matthew\Documents\VisualStudioProjects\CPS511_Assignment3\CPS511_Assignment3\main.cpp(194,24): warning C4244: 'argument': conversion from 'int' to 'GLfloat', possible loss of data
C:\Users\Matthew\Documents\VisualStudioProjects\CPS511_Assignment3\CPS511_Assignment3\main.cpp(195,64): warning C4244: 'argument': conversion from 'GLdouble' to 'GLfloat', possible loss of data
C:\Users\Matthew\Documents\VisualStudioProjects\CPS511_Assignment3\CPS511_Assignment3\main.cpp(195,48): warning C4244: 'argument': conversion from 'GLdouble' to 'GLfloat', possible loss of data
C:\Users\Matthew\Documents\VisualStudioProjects\CPS511_Assignment3\CPS511_Assignment3\main.cpp(195,32): warning C4244: 'argument': conversion from 'GLdouble' to 'GLfloat', possible loss of data
C:\Users\Matthew\Documents\VisualStudioProjects\CPS511_Assignment3\CPS511_Assignment3\main.cpp(196,64): warning C4244: 'argument': conversion from 'GLdouble' to 'GLfloat', possible loss of data
C:\Users\Matthew\Documents\VisualStudioProjects\CPS511_Assignment3\CPS511_Assignment3\main.cpp(196,48): warning C4244: 'argument': conversion from 'GLdouble' to 'GLfloat', possible loss of data
C:\Users\Matthew\Documents\VisualStudioProjects\CPS511_Assignment3\CPS511_Assignment3\main.cpp(196,32): warning C4244: 'argument': conversion from 'GLdouble' to 'GLfloat', possible loss of data
C:\Users\Matthew\Documents\VisualStudioProjects\CPS511_Assignment3\CPS511_Assignment3\main.cpp(205,25): warning C4244: 'initializing': conversion from 'GLdouble' to 'float', possible loss of data
C:\Users\Matthew\Documents\VisualStudioProjects\CPS511_Assignment3\CPS511_Assignment3\main.cpp(206,47): warning C4244: 'argument': conversion from 'const GLdouble' to 'GLfloat', possible loss of data
C:\Users\Matthew\Documents\VisualStudioProjects\CPS511_Assignment3\CPS511_Assignment3\main.cpp(206,27): warning C4244: 'argument': conversion from 'const GLdouble' to 'GLfloat', possible loss of data
C:\Users\Matthew\Documents\VisualStudioProjects\CPS511_Assignment3\CPS511_Assignment3\main.cpp(209,24): warning C4244: 'argument': conversion from 'const GLdouble' to 'GLfloat', possible loss of data
C:\Users\Matthew\Documents\VisualStudioProjects\CPS511_Assignment3\CPS511_Assignment3\main.cpp(232,60): warning C4244: 'argument': conversion from 'const GLdouble' to 'GLfloat', possible loss of data
C:\Users\Matthew\Documents\VisualStudioProjects\CPS511_Assignment3\CPS511_Assignment3\main.cpp(232,46): warning C4244: 'argument': conversion from 'const GLdouble' to 'GLfloat', possible loss of data
C:\Users\Matthew\Documents\VisualStudioProjects\CPS511_Assignment3\CPS511_Assignment3\main.cpp(232,32): warning C4244: 'argument': conversion from 'const GLdouble' to 'GLfloat', possible loss of data
  CPS511_Assignment3.vcxproj -> C:\Users\Matthew\Documents\VisualStudioProjects\CPS511_Assignment3\x64\Debug\CPS511_Assignment3.exe
          1 file(s) copied.
